[   107.657] (--) Log file renamed from "/home/gangadhar/.local/share/xorg/Xorg.pid-1193.log" to "/home/gangadhar/.local/share/xorg/Xorg.0.log"
[   107.658] 
X.Org X Server 1.20.9
X Protocol Version 11, Revision 0
[   107.658] Build Operating System: Linux 4.15.0-130-generic x86_64 Ubuntu
[   107.658] Current Operating System: Linux gangadhar-VirtualBox 5.8.0-45-generic #51~20.04.1-Ubuntu SMP Tue Feb 23 13:46:31 UTC 2021 x86_64
[   107.658] Kernel command line: BOOT_IMAGE=/boot/vmlinuz-5.8.0-45-generic root=UUID=f0f496ea-a159-4812-9b0a-76655262507e ro quiet splash
[   107.658] Build Date: 17 January 2021  09:13:31AM
[   107.658] xorg-server 2:1.20.9-2ubuntu1.2~20.04.1 (For technical support please see http://www.ubuntu.com/support) 
[   107.658] Current version of pixman: 0.38.4
[   107.658] 	Before reporting problems, check http://wiki.x.org
	to make sure that you have the latest version.
[   107.658] Markers: (--) probed, (**) from config file, (==) default setting,
	(++) from command line, (!!) notice, (II) informational,
	(WW) warning, (EE) error, (NI) not implemented, (??) unknown.
[   107.658] (==) Log file: "/home/gangadhar/.local/share/xorg/Xorg.0.log", Time: Mon Apr 19 20:25:27 2021
[   107.680] (==) Using system config directory "/usr/share/X11/xorg.conf.d"
[   107.691] (==) No Layout section.  Using the first Screen section.
[   107.691] (==) No screen section available. Using defaults.
[   107.691] (**) |-->Screen "Default Screen Section" (0)
[   107.691] (**) |   |-->Monitor "<default monitor>"
[   107.692] (==) No monitor specified for screen "Default Screen Section".
	Using a default monitor configuration.
[   107.692] (==) Automatically adding devices
[   107.692] (==) Automatically enabling devices
[   107.692] (==) Automatically adding GPU devices
[   107.692] (==) Automatically binding GPU devices
[   107.692] (==) Max clients allowed: 256, resource mask: 0x1fffff
[   107.692] (WW) The directory "/usr/share/fonts/X11/cyrillic" does not exist.
[   107.692] 	Entry deleted from font path.
[   107.692] (WW) The directory "/usr/share/fonts/X11/100dpi/" does not exist.
[   107.692] 	Entry deleted from font path.
[   107.692] (WW) The directory "/usr/share/fonts/X11/75dpi/" does not exist.
[   107.692] 	Entry deleted from font path.
[   107.692] (WW) The directory "/usr/share/fonts/X11/100dpi" does not exist.
[   107.692] 	Entry deleted from font path.
[   107.692] (WW) The directory "/usr/share/fonts/X11/75dpi" does not exist.
[   107.692] 	Entry deleted from font path.
[   107.692] (==) FontPath set to:
	/usr/share/fonts/X11/misc,
	/usr/share/fonts/X11/Type1,
	built-ins
[   107.692] (==) ModulePath set to "/usr/lib/xorg/modules"
[   107.692] (II) The server relies on udev to provide the list of input devices.
	If no devices become available, reconfigure udev or disable AutoAddDevices.
[   107.692] (II) Loader magic: 0x55c3184a2020
[   107.692] (II) Module ABI versions:
[   107.692] 	X.Org ANSI C Emulation: 0.4
[   107.692] 	X.Org Video Driver: 24.1
[   107.692] 	X.Org XInput driver : 24.1
[   107.692] 	X.Org Server Extension : 10.0
[   107.695] (++) using VT number 2

[   107.699] (II) systemd-logind: took control of session /org/freedesktop/login1/session/_32
[   107.700] (II) xfree86: Adding drm device (/dev/dri/card0)
[   107.702] (II) systemd-logind: got fd for /dev/dri/card0 226:0 fd 12 paused 0
[   107.707] (--) PCI:*(0@0:2:0) 15ad:0405:15ad:0405 rev 0, Mem @ 0xe0000000/16777216, 0xf0000000/2097152, I/O @ 0x0000d010/16, BIOS @ 0x????????/131072
[   107.712] (II) LoadModule: "glx"
[   107.730] (II) Loading /usr/lib/xorg/modules/extensions/libglx.so
[   107.830] (II) Module glx: vendor="X.Org Foundation"
[   107.830] 	compiled for 1.20.9, module version = 1.0.0
[   107.830] 	ABI class: X.Org Server Extension, version 10.0
[   107.830] (==) Matched vmware as autoconfigured driver 0
[   107.830] (==) Matched modesetting as autoconfigured driver 1
[   107.830] (==) Matched fbdev as autoconfigured driver 2
[   107.830] (==) Matched vesa as autoconfigured driver 3
[   107.830] (==) Assigned the driver to the xf86ConfigLayout
[   107.830] (II) LoadModule: "vmware"
[   107.845] (II) Loading /usr/lib/xorg/modules/drivers/vmware_drv.so
[   107.972] (II) Module vmware: vendor="X.Org Foundation"
[   107.972] 	compiled for 1.20.8, module version = 13.3.0
[   107.972] 	Module class: X.Org Video Driver
[   107.972] 	ABI class: X.Org Video Driver, version 24.1
[   107.972] (II) LoadModule: "modesetting"
[   107.972] (II) Loading /usr/lib/xorg/modules/drivers/modesetting_drv.so
[   108.005] (II) Module modesetting: vendor="X.Org Foundation"
[   108.005] 	compiled for 1.20.9, module version = 1.20.9
[   108.006] 	Module class: X.Org Video Driver
[   108.007] 	ABI class: X.Org Video Driver, version 24.1
[   108.007] (II) LoadModule: "fbdev"
[   108.008] (II) Loading /usr/lib/xorg/modules/drivers/fbdev_drv.so
[   108.010] (II) Module fbdev: vendor="X.Org Foundation"
[   108.010] 	compiled for 1.20.1, module version = 0.5.0
[   108.011] 	Module class: X.Org Video Driver
[   108.011] 	ABI class: X.Org Video Driver, version 24.0
[   108.011] (II) LoadModule: "vesa"
[   108.013] (II) Loading /usr/lib/xorg/modules/drivers/vesa_drv.so
[   108.023] (II) Module vesa: vendor="X.Org Foundation"
[   108.023] 	compiled for 1.20.4, module version = 2.4.0
[   108.025] 	Module class: X.Org Video Driver
[   108.025] 	ABI class: X.Org Video Driver, version 24.0
[   108.026] (II) vmware: driver for VMware SVGA: vmware0405, vmware0710
[   108.026] (II) modesetting: Driver for Modesetting Kernel Drivers: kms
[   108.026] (II) FBDEV: driver for framebuffer: fbdev
[   108.026] (II) VESA: driver for VESA chipsets: vesa
[   108.029] xf86EnableIOPorts: failed to set IOPL for I/O (Operation not permitted)
[   108.029] (WW) Falling back to old probe method for modesetting
[   108.029] (WW) Falling back to old probe method for fbdev
[   108.029] (II) Loading sub module "fbdevhw"
[   108.029] (II) LoadModule: "fbdevhw"
[   108.057] (II) Loading /usr/lib/xorg/modules/libfbdevhw.so
[   108.070] (II) Module fbdevhw: vendor="X.Org Foundation"
[   108.070] 	compiled for 1.20.9, module version = 0.0.2
[   108.070] 	ABI class: X.Org Video Driver, version 24.1
[   108.070] (EE) open /dev/fb0: Permission denied
[   108.070] (WW) VGA arbiter: cannot open kernel arbiter, no multi-card support
[   108.070] (II) vmware(0): Creating default Display subsection in Screen section
	"Default Screen Section" for depth/fbbpp 24/32
[   108.070] (--) vmware(0): DRM driver version is 2.18.0
[   108.071] (==) vmware(0): Depth 24, (--) framebuffer bpp 32
[   108.071] (==) vmware(0): RGB weight 888
[   108.071] (==) vmware(0): Default visual is TrueColor
[   108.071] (--) vmware(0): Min width 1, Max Width 8192.
[   108.071] (--) vmware(0): Min height 1, Max Height 8192.
[   108.071] (II) vmware(0): Output Virtual1 has no monitor section
[   108.071] (II) vmware(0): Output Virtual2 has no monitor section
[   108.071] (II) vmware(0): Output Virtual3 has no monitor section
[   108.071] (II) vmware(0): Output Virtual4 has no monitor section
[   108.071] (II) vmware(0): Output Virtual5 has no monitor section
[   108.071] (II) vmware(0): Output Virtual6 has no monitor section
[   108.071] (II) vmware(0): Output Virtual7 has no monitor section
[   108.072] (II) vmware(0): Output Virtual8 has no monitor section
[   108.072] (II) vmware(0): Printing probed modes for output Virtual1
[   108.072] (II) vmware(0): Modeline "800x600"x60.0   42.75  800 850 900 950  600 650 700 750 -hsync +vsync (45.0 kHz eP)
[   108.072] (II) vmware(0): Modeline "2560x1600"x60.0  348.50  2560 2752 3032 3504  1600 1603 1609 1658 -hsync +vsync (99.5 kHz e)
[   108.072] (II) vmware(0): Modeline "1920x1440"x60.0  234.00  1920 2048 2256 2600  1440 1441 1444 1500 -hsync +vsync (90.0 kHz e)
[   108.072] (II) vmware(0): Modeline "1856x1392"x60.0  218.25  1856 1952 2176 2528  1392 1393 1396 1439 -hsync +vsync (86.3 kHz e)
[   108.072] (II) vmware(0): Modeline "1792x1344"x60.0  204.75  1792 1920 2120 2448  1344 1345 1348 1394 -hsync +vsync (83.6 kHz e)
[   108.072] (II) vmware(0): Modeline "1920x1200"x59.9  193.25  1920 2056 2256 2592  1200 1203 1209 1245 -hsync +vsync (74.6 kHz e)
[   108.072] (II) vmware(0): Modeline "1600x1200"x60.0  162.00  1600 1664 1856 2160  1200 1201 1204 1250 +hsync +vsync (75.0 kHz e)
[   108.072] (II) vmware(0): Modeline "1680x1050"x60.0  146.25  1680 1784 1960 2240  1050 1053 1059 1089 -hsync +vsync (65.3 kHz e)
[   108.072] (II) vmware(0): Modeline "1400x1050"x60.0  121.75  1400 1488 1632 1864  1050 1053 1057 1089 -hsync +vsync (65.3 kHz e)
[   108.072] (II) vmware(0): Modeline "1280x1024"x60.0  108.00  1280 1328 1440 1688  1024 1025 1028 1066 +hsync +vsync (64.0 kHz e)
[   108.072] (II) vmware(0): Modeline "1440x900"x59.9  106.50  1440 1520 1672 1904  900 903 909 934 -hsync +vsync (55.9 kHz e)
[   108.072] (II) vmware(0): Modeline "1280x960"x60.0  108.00  1280 1376 1488 1800  960 961 964 1000 +hsync +vsync (60.0 kHz e)
[   108.072] (II) vmware(0): Modeline "1360x768"x60.0   85.50  1360 1424 1536 1792  768 771 777 795 +hsync +vsync (47.7 kHz e)
[   108.072] (II) vmware(0): Modeline "1280x800"x59.8   83.50  1280 1352 1480 1680  800 803 809 831 +hsync -vsync (49.7 kHz e)
[   108.072] (II) vmware(0): Modeline "1152x864"x75.0  108.00  1152 1216 1344 1600  864 865 868 900 +hsync +vsync (67.5 kHz e)
[   108.072] (II) vmware(0): Modeline "1280x768"x59.9   79.50  1280 1344 1472 1664  768 771 778 798 -hsync +vsync (47.8 kHz e)
[   108.072] (II) vmware(0): Modeline "1024x768"x60.0   65.00  1024 1048 1184 1344  768 771 777 806 -hsync -vsync (48.4 kHz e)
[   108.072] (II) vmware(0): Modeline "800x600"x60.3   40.00  800 840 968 1056  600 601 605 628 +hsync +vsync (37.9 kHz e)
[   108.072] (II) vmware(0): Modeline "640x480"x59.9   25.18  640 656 752 800  480 489 492 525 -hsync -vsync (31.5 kHz e)
[   108.072] (II) vmware(0): EDID for output Virtual2
[   108.072] (II) vmware(0): EDID for output Virtual3
[   108.072] (II) vmware(0): EDID for output Virtual4
[   108.072] (II) vmware(0): EDID for output Virtual5
[   108.072] (II) vmware(0): EDID for output Virtual6
[   108.072] (II) vmware(0): EDID for output Virtual7
[   108.072] (II) vmware(0): EDID for output Virtual8
[   108.072] (II) vmware(0): Output Virtual1 connected
[   108.072] (II) vmware(0): Output Virtual2 disconnected
[   108.072] (II) vmware(0): Output Virtual3 disconnected
[   108.072] (II) vmware(0): Output Virtual4 disconnected
[   108.072] (II) vmware(0): Output Virtual5 disconnected
[   108.072] (II) vmware(0): Output Virtual6 disconnected
[   108.072] (II) vmware(0): Output Virtual7 disconnected
[   108.072] (II) vmware(0): Output Virtual8 disconnected
[   108.073] (II) vmware(0): Using exact sizes for initial modes
[   108.073] (II) vmware(0): Output Virtual1 using initial mode 800x600 +0+0
[   108.073] (==) vmware(0): DPI set to (96, 96)
[   108.073] (==) vmware(0): Using gamma correction (1.0, 1.0, 1.0)
[   108.073] (II) Loading sub module "fb"
[   108.073] (II) LoadModule: "fb"
[   108.073] (II) Loading /usr/lib/xorg/modules/libfb.so
[   108.086] (II) Module fb: vendor="X.Org Foundation"
[   108.086] 	compiled for 1.20.9, module version = 1.0.0
[   108.086] 	ABI class: X.Org ANSI C Emulation, version 0.4
[   108.086] (II) Loading sub module "dri2"
[   108.086] (II) LoadModule: "dri2"
[   108.086] (II) Module "dri2" already built-in
[   108.086] (II) Loading sub module "dri3"
[   108.086] (II) LoadModule: "dri3"
[   108.086] (II) Module "dri3" already built-in
[   108.087] (II) UnloadModule: "modesetting"
[   108.087] (II) Unloading modesetting
[   108.087] (II) UnloadModule: "fbdev"
[   108.087] (II) Unloading fbdev
[   108.087] (II) UnloadSubModule: "fbdevhw"
[   108.087] (II) Unloading fbdevhw
[   108.087] (II) UnloadModule: "vesa"
[   108.087] (II) Unloading vesa
[   108.092] (II) vmware(0): Initialized VMWARE_CTRL extension version 0.2
[   108.163] (WW) vmware(0): Failed to initialize Gallium3D Xa. No render acceleration available.
[   108.164] (WW) vmware(0): Skipped initialization of direct rendering due to lack of render acceleration.
[   108.164] (--) vmware(0): Render acceleration is disabled.
[   108.165] (==) vmware(0): Rendercheck mode is disabled.
[   108.165] (--) vmware(0): Direct rendering (DRI2 3D) is disabled.
[   108.166] (--) vmware(0): Direct rendering (DRI3 3D) is disabled.
[   108.167] (==) vmware(0): Backing store enabled
[   108.167] (==) vmware(0): Silken mouse enabled
[   108.171] (==) vmware(0): DPMS enabled
[   108.172] (II) vmware(0): No 3D acceleration. Not setting up textured video.
[   108.173] (WW) vmware(0): Disabling Xv because no adaptors could be initialized.
[   108.173] (II) Initializing extension Generic Event Extension
[   108.173] (II) Initializing extension SHAPE
[   108.174] (II) Initializing extension MIT-SHM
[   108.175] (II) Initializing extension XInputExtension
[   108.196] (II) Initializing extension XTEST
[   108.198] (II) Initializing extension BIG-REQUESTS
[   108.201] (II) Initializing extension SYNC
[   108.204] (II) Initializing extension XKEYBOARD
[   108.206] (II) Initializing extension XC-MISC
[   108.208] (II) Initializing extension SECURITY
[   108.208] (II) Initializing extension XFIXES
[   108.209] (II) Initializing extension RENDER
[   108.209] (II) Initializing extension RANDR
[   108.210] (II) Initializing extension COMPOSITE
[   108.211] (II) Initializing extension DAMAGE
[   108.212] (II) Initializing extension MIT-SCREEN-SAVER
[   108.212] (II) Initializing extension DOUBLE-BUFFER
[   108.213] (II) Initializing extension RECORD
[   108.213] (II) Initializing extension DPMS
[   108.214] (II) Initializing extension Present
[   108.214] (II) Initializing extension DRI3
[   108.214] (II) Initializing extension X-Resource
[   108.215] (II) Initializing extension XVideo
[   108.216] (II) Initializing extension XVideo-MotionCompensation
[   108.216] (II) Initializing extension SELinux
[   108.216] (II) SELinux: Disabled on system
[   108.216] (II) Initializing extension GLX
[   108.238] (II) AIGLX: Screen 0 is not DRI2 capable
[   108.298] (II) IGLX: Loaded and initialized swrast
[   108.298] (II) GLX: Initialized DRISWRAST GL provider for screen 0
[   108.298] (II) Initializing extension XFree86-VidModeExtension
[   108.299] (II) Initializing extension XFree86-DGA
[   108.302] (II) Initializing extension XFree86-DRI
[   108.302] (II) Initializing extension DRI2
[   108.314] (II) vmware(0): Setting screen physical size to 211 x 158
[   108.516] (II) config/udev: Adding input device Power Button (/dev/input/event0)
[   108.517] (**) Power Button: Applying InputClass "libinput keyboard catchall"
[   108.517] (II) LoadModule: "libinput"
[   108.517] (II) Loading /usr/lib/xorg/modules/input/libinput_drv.so
[   108.565] (II) Module libinput: vendor="X.Org Foundation"
[   108.566] 	compiled for 1.20.4, module version = 0.29.0
[   108.566] 	Module class: X.Org XInput Driver
[   108.566] 	ABI class: X.Org XInput driver, version 24.1
[   108.567] (II) Using input driver 'libinput' for 'Power Button'
[   108.579] (II) systemd-logind: got fd for /dev/input/event0 13:64 fd 20 paused 0
[   108.579] (**) Power Button: always reports core events
[   108.579] (**) Option "Device" "/dev/input/event0"
[   108.579] (**) Option "_source" "server/udev"
[   108.597] (II) event0  - Power Button: is tagged by udev as: Keyboard
[   108.598] (II) event0  - Power Button: device is a keyboard
[   108.598] (II) event0  - Power Button: device removed
[   108.599] (**) Option "config_info" "udev:/sys/devices/LNXSYSTM:00/LNXPWRBN:00/input/input0/event0"
[   108.599] (II) XINPUT: Adding extended input device "Power Button" (type: KEYBOARD, id 6)
[   108.599] (**) Option "xkb_model" "pc105"
[   108.599] (**) Option "xkb_layout" "us"
[   108.606] (II) event0  - Power Button: is tagged by udev as: Keyboard
[   108.607] (II) event0  - Power Button: device is a keyboard
[   108.608] (II) config/udev: Adding input device Sleep Button (/dev/input/event1)
[   108.608] (**) Sleep Button: Applying InputClass "libinput keyboard catchall"
[   108.608] (II) Using input driver 'libinput' for 'Sleep Button'
[   108.610] (II) systemd-logind: got fd for /dev/input/event1 13:65 fd 23 paused 0
[   108.610] (**) Sleep Button: always reports core events
[   108.610] (**) Option "Device" "/dev/input/event1"
[   108.610] (**) Option "_source" "server/udev"
[   108.612] (II) event1  - Sleep Button: is tagged by udev as: Keyboard
[   108.612] (II) event1  - Sleep Button: device is a keyboard
[   108.612] (II) event1  - Sleep Button: device removed
[   108.612] (**) Option "config_info" "udev:/sys/devices/LNXSYSTM:00/LNXSLPBN:00/input/input1/event1"
[   108.613] (II) XINPUT: Adding extended input device "Sleep Button" (type: KEYBOARD, id 7)
[   108.613] (**) Option "xkb_model" "pc105"
[   108.613] (**) Option "xkb_layout" "us"
[   108.616] (II) event1  - Sleep Button: is tagged by udev as: Keyboard
[   108.616] (II) event1  - Sleep Button: device is a keyboard
[   108.622] (II) config/udev: Adding input device Video Bus (/dev/input/event3)
[   108.622] (**) Video Bus: Applying InputClass "libinput keyboard catchall"
[   108.622] (II) Using input driver 'libinput' for 'Video Bus'
[   108.626] (II) systemd-logind: got fd for /dev/input/event3 13:67 fd 24 paused 0
[   108.626] (**) Video Bus: always reports core events
[   108.626] (**) Option "Device" "/dev/input/event3"
[   108.626] (**) Option "_source" "server/udev"
[   108.628] (II) event3  - Video Bus: is tagged by udev as: Keyboard
[   108.628] (II) event3  - Video Bus: device is a keyboard
[   108.628] (II) event3  - Video Bus: device removed
[   108.628] (**) Option "config_info" "udev:/sys/devices/LNXSYSTM:00/LNXSYBUS:00/PNP0A03:00/LNXVIDEO:00/input/input4/event3"
[   108.628] (II) XINPUT: Adding extended input device "Video Bus" (type: KEYBOARD, id 8)
[   108.628] (**) Option "xkb_model" "pc105"
[   108.629] (**) Option "xkb_layout" "us"
[   108.630] (II) event3  - Video Bus: is tagged by udev as: Keyboard
[   108.630] (II) event3  - Video Bus: device is a keyboard
[   108.632] (II) config/udev: Adding input device VirtualBox mouse integration (/dev/input/event6)
[   108.632] (**) VirtualBox mouse integration: Applying InputClass "libinput pointer catchall"
[   108.632] (II) Using input driver 'libinput' for 'VirtualBox mouse integration'
[   108.634] (II) systemd-logind: got fd for /dev/input/event6 13:70 fd 25 paused 0
[   108.634] (**) VirtualBox mouse integration: always reports core events
[   108.634] (**) Option "Device" "/dev/input/event6"
[   108.634] (**) Option "_source" "server/udev"
[   108.635] (II) event6  - VirtualBox mouse integration: is tagged by udev as: Mouse
[   108.636] (II) event6  - VirtualBox mouse integration: device is a pointer
[   108.636] (II) event6  - VirtualBox mouse integration: device removed
[   108.636] (**) Option "config_info" "udev:/sys/devices/pci0000:00/0000:00:04.0/input/input7/event6"
[   108.636] (II) XINPUT: Adding extended input device "VirtualBox mouse integration" (type: MOUSE, id 9)
[   108.637] (**) Option "AccelerationScheme" "none"
[   108.637] (**) VirtualBox mouse integration: (accel) selected scheme none/0
[   108.637] (**) VirtualBox mouse integration: (accel) acceleration factor: 2.000
[   108.637] (**) VirtualBox mouse integration: (accel) acceleration threshold: 4
[   108.638] (II) event6  - VirtualBox mouse integration: is tagged by udev as: Mouse
[   108.638] (II) event6  - VirtualBox mouse integration: device is a pointer
[   108.639] (II) config/udev: Adding input device VirtualBox mouse integration (/dev/input/js1)
[   108.639] (II) No input driver specified, ignoring this device.
[   108.640] (II) This device may have been added with another device file.
[   108.640] (II) config/udev: Adding input device VirtualBox mouse integration (/dev/input/mouse2)
[   108.640] (II) No input driver specified, ignoring this device.
[   108.640] (II) This device may have been added with another device file.
[   108.641] (II) config/udev: Adding input device VirtualBox USB Tablet (/dev/input/event5)
[   108.641] (**) VirtualBox USB Tablet: Applying InputClass "libinput pointer catchall"
[   108.641] (II) Using input driver 'libinput' for 'VirtualBox USB Tablet'
[   108.707] (II) systemd-logind: got fd for /dev/input/event5 13:69 fd 26 paused 0
[   108.708] (**) VirtualBox USB Tablet: always reports core events
[   108.708] (**) Option "Device" "/dev/input/event5"
[   108.708] (**) Option "_source" "server/udev"
[   108.719] (II) event5  - VirtualBox USB Tablet: is tagged by udev as: Mouse
[   108.720] (II) event5  - VirtualBox USB Tablet: device is a pointer
[   108.721] (II) event5  - VirtualBox USB Tablet: device removed
[   108.721] (**) Option "config_info" "udev:/sys/devices/pci0000:00/0000:00:06.0/usb1/1-1/1-1:1.0/0003:80EE:0021.0001/input/input6/event5"
[   108.722] (II) XINPUT: Adding extended input device "VirtualBox USB Tablet" (type: MOUSE, id 10)
[   108.723] (**) Option "AccelerationScheme" "none"
[   108.723] (**) VirtualBox USB Tablet: (accel) selected scheme none/0
[   108.724] (**) VirtualBox USB Tablet: (accel) acceleration factor: 2.000
[   108.724] (**) VirtualBox USB Tablet: (accel) acceleration threshold: 4
[   108.731] (II) event5  - VirtualBox USB Tablet: is tagged by udev as: Mouse
[   108.732] (II) event5  - VirtualBox USB Tablet: device is a pointer
[   108.735] (II) config/udev: Adding input device VirtualBox USB Tablet (/dev/input/js0)
[   108.736] (II) No input driver specified, ignoring this device.
[   108.736] (II) This device may have been added with another device file.
[   108.752] (II) config/udev: Adding input device VirtualBox USB Tablet (/dev/input/mouse1)
[   108.753] (II) No input driver specified, ignoring this device.
[   108.754] (II) This device may have been added with another device file.
[   108.766] (II) config/udev: Adding input device AT Translated Set 2 keyboard (/dev/input/event2)
[   108.766] (**) AT Translated Set 2 keyboard: Applying InputClass "libinput keyboard catchall"
[   108.767] (II) Using input driver 'libinput' for 'AT Translated Set 2 keyboard'
[   108.774] (II) systemd-logind: got fd for /dev/input/event2 13:66 fd 27 paused 0
[   108.774] (**) AT Translated Set 2 keyboard: always reports core events
[   108.774] (**) Option "Device" "/dev/input/event2"
[   108.774] (**) Option "_source" "server/udev"
[   108.775] (II) event2  - AT Translated Set 2 keyboard: is tagged by udev as: Keyboard
[   108.775] (II) event2  - AT Translated Set 2 keyboard: device is a keyboard
[   108.776] (II) event2  - AT Translated Set 2 keyboard: device removed
[   108.776] (**) Option "config_info" "udev:/sys/devices/platform/i8042/serio0/input/input2/event2"
[   108.776] (II) XINPUT: Adding extended input device "AT Translated Set 2 keyboard" (type: KEYBOARD, id 11)
[   108.776] (**) Option "xkb_model" "pc105"
[   108.776] (**) Option "xkb_layout" "us"
[   108.777] (II) event2  - AT Translated Set 2 keyboard: is tagged by udev as: Keyboard
[   108.777] (II) event2  - AT Translated Set 2 keyboard: device is a keyboard
[   108.782] (II) config/udev: Adding input device ImExPS/2 Generic Explorer Mouse (/dev/input/event4)
[   108.782] (**) ImExPS/2 Generic Explorer Mouse: Applying InputClass "libinput pointer catchall"
[   108.783] (II) Using input driver 'libinput' for 'ImExPS/2 Generic Explorer Mouse'
[   108.785] (II) systemd-logind: got fd for /dev/input/event4 13:68 fd 28 paused 0
[   108.785] (**) ImExPS/2 Generic Explorer Mouse: always reports core events
[   108.785] (**) Option "Device" "/dev/input/event4"
[   108.785] (**) Option "_source" "server/udev"
[   108.788] (II) event4  - ImExPS/2 Generic Explorer Mouse: is tagged by udev as: Mouse
[   108.788] (II) event4  - ImExPS/2 Generic Explorer Mouse: device is a pointer
[   108.789] (II) event4  - ImExPS/2 Generic Explorer Mouse: device removed
[   108.789] (**) Option "config_info" "udev:/sys/devices/platform/i8042/serio1/input/input5/event4"
[   108.790] (II) XINPUT: Adding extended input device "ImExPS/2 Generic Explorer Mouse" (type: MOUSE, id 12)
[   108.790] (**) Option "AccelerationScheme" "none"
[   108.791] (**) ImExPS/2 Generic Explorer Mouse: (accel) selected scheme none/0
[   108.791] (**) ImExPS/2 Generic Explorer Mouse: (accel) acceleration factor: 2.000
[   108.791] (**) ImExPS/2 Generic Explorer Mouse: (accel) acceleration threshold: 4
[   108.794] (II) event4  - ImExPS/2 Generic Explorer Mouse: is tagged by udev as: Mouse
[   108.794] (II) event4  - ImExPS/2 Generic Explorer Mouse: device is a pointer
[   108.796] (II) config/udev: Adding input device ImExPS/2 Generic Explorer Mouse (/dev/input/mouse0)
[   108.797] (II) No input driver specified, ignoring this device.
[   108.797] (II) This device may have been added with another device file.
